app/build/intermediates/manifest_merge_blame_file/appDebug/manifest-merger-blame-app-debug-report.txt
1<?xml version="1.0" encoding="utf-8"?>
2<manifest xmlns:android="http://schemas.android.com/apk/res/android"
3    package="icu.dclef.webview"
4    android:versionCode="1"
5    android:versionName="1.0" >
6
7    <uses-sdk
8        android:minSdkVersion="21"
8-->src\main\AndroidManifest.xml
9        android:targetSdkVersion="29" />
9-->[androidx.appcompat:appcompat:1.2.0] AndroidManifest.xml:22:9-38
10
11    <uses-permission android:name="android.permission.INTERNET" />
11-->src\main\AndroidManifest.xml:6:5-67
11-->src\main\AndroidManifest.xml:6:22-64
12    <uses-permission android:name="android.permission.ACCESS_NETWORK_STATE" />
12-->src\main\AndroidManifest.xml:7:5-79
12-->src\main\AndroidManifest.xml:7:22-76
13    <uses-permission android:name="android.permission.ACCESS_WIFI_STATE" />
13-->src\main\AndroidManifest.xml:8:5-76
13-->src\main\AndroidManifest.xml:8:22-73
14
15    <application
15-->src\main\AndroidManifest.xml:10:5-59:19
16        android:allowBackup="false"
16-->src\main\AndroidManifest.xml:12:13-40
17        android:appComponentFactory="androidx.core.app.CoreComponentFactory"
17-->[androidx.core:core:1.3.0] AndroidManifest.xml:24:18-86
18        android:debuggable="true"
19        android:hardwareAccelerated="true"
19-->src\main\AndroidManifest.xml:17:13-47
20        android:icon="@mipmap/ic_launcher_app_icon"
20-->src\main\AndroidManifest.xml:13:13-56
21        android:label="@string/app_name"
21-->src\main\AndroidManifest.xml:14:13-45
22        android:roundIcon="@mipmap/ic_launcher_app_icon"
22-->src\main\AndroidManifest.xml:18:13-61
23        android:screenOrientation="portrait"
23-->src\main\AndroidManifest.xml:15:13-49
24        android:theme="@style/AppTheme"
24-->src\main\AndroidManifest.xml:19:13-44
25        android:usesCleartextTraffic="true" >
25-->src\main\AndroidManifest.xml:16:13-48
26        <activity
26-->src\main\AndroidManifest.xml:21:9-47:20
27            android:name="icu.dclef.webview.view.WebViewActivity"
27-->src\main\AndroidManifest.xml:22:17-70
28            android:exported="true"
28-->src\main\AndroidManifest.xml:25:17-40
29            android:screenOrientation="portrait"
29-->src\main\AndroidManifest.xml:23:17-53
30            android:theme="@style/AppTheme.NoActionBar" >
30-->src\main\AndroidManifest.xml:24:17-60
31            <intent-filter>
31-->src\main\AndroidManifest.xml:26:13-30:29
32                <action android:name="android.intent.action.MAIN" />
32-->src\main\AndroidManifest.xml:27:17-69
32-->src\main\AndroidManifest.xml:27:25-66
33
34                <category android:name="android.intent.category.LAUNCHER" />
34-->src\main\AndroidManifest.xml:29:17-77
34-->src\main\AndroidManifest.xml:29:27-74
35            </intent-filter>
36            <intent-filter android:autoVerify="true" >
36-->src\main\AndroidManifest.xml:32:13-46:29
36-->src\main\AndroidManifest.xml:33:21-46
37                <action android:name="android.intent.action.VIEW" />
37-->src\main\AndroidManifest.xml:35:17-69
37-->src\main\AndroidManifest.xml:35:25-66
38
39                <category android:name="android.intent.category.DEFAULT" />
39-->src\main\AndroidManifest.xml:37:17-76
39-->src\main\AndroidManifest.xml:37:27-73
40                <category android:name="android.intent.category.BROWSABLE" />
40-->src\main\AndroidManifest.xml:38:17-78
40-->src\main\AndroidManifest.xml:38:27-75
41
42                <data
42-->src\main\AndroidManifest.xml:40:17-42:50
43                    android:host="payrollplus.finpay.pk"
43-->src\main\AndroidManifest.xml:41:25-61
44                    android:scheme="https" />
44-->src\main\AndroidManifest.xml:42:25-47
45                <data
45-->src\main\AndroidManifest.xml:40:17-42:50
46                    android:host="payrollplus.finpay.pk"
46-->src\main\AndroidManifest.xml:41:25-61
47                    android:scheme="http" />
47-->src\main\AndroidManifest.xml:42:25-47
48            </intent-filter>
49        </activity>
50
51        <receiver
51-->src\main\AndroidManifest.xml:49:9-58:20
52            android:name="icu.dclef.webview.util.NetworkChangeReceiver"
52-->src\main\AndroidManifest.xml:50:17-76
53            android:exported="false"
53-->src\main\AndroidManifest.xml:51:17-41
54            android:label="NetworkChangeReceiver" >
54-->src\main\AndroidManifest.xml:52:17-54
55            <intent-filter>
55-->src\main\AndroidManifest.xml:53:13-57:29
56                <action android:name="android.net.conn.CONNECTIVITY_CHANGE" />
56-->src\main\AndroidManifest.xml:54:17-56:54
56-->src\main\AndroidManifest.xml:55:25-76
57            </intent-filter>
58        </receiver>
59    </application>
60
61</manifest>